{"D:\\UCB\\Septimo-semestre\\Taller de Software 1\\Hotel\\backend\\services\\checkinService.js": {"path":"D:\\UCB\\Septimo-semestre\\Taller de Software 1\\Hotel\\backend\\services\\checkinService.js","statementMap":{"0":{"start":{"line":3,"column":36},"end":{"line":10,"column":1}},"1":{"start":{"line":4,"column":4},"end":{"line":6,"column":5}},"2":{"start":{"line":5,"column":8},"end":{"line":5,"column":81}},"3":{"start":{"line":7,"column":4},"end":{"line":9,"column":5}},"4":{"start":{"line":8,"column":8},"end":{"line":8,"column":83}},"5":{"start":{"line":12,"column":31},"end":{"line":20,"column":1}},"6":{"start":{"line":13,"column":4},"end":{"line":13,"column":70}},"7":{"start":{"line":13,"column":20},"end":{"line":13,"column":70}},"8":{"start":{"line":14,"column":20},"end":{"line":14,"column":67}},"9":{"start":{"line":15,"column":4},"end":{"line":15,"column":58}},"10":{"start":{"line":15,"column":18},"end":{"line":15,"column":58}},"11":{"start":{"line":16,"column":4},"end":{"line":16,"column":34}},"12":{"start":{"line":17,"column":25},"end":{"line":17,"column":123}},"13":{"start":{"line":18,"column":4},"end":{"line":18,"column":51}},"14":{"start":{"line":19,"column":4},"end":{"line":19,"column":24}}},"fnMap":{"0":{"name":"(anonymous_0)","decl":{"start":{"line":3,"column":36},"end":{"line":3,"column":37}},"loc":{"start":{"line":3,"column":49},"end":{"line":10,"column":1}},"line":3},"1":{"name":"(anonymous_1)","decl":{"start":{"line":12,"column":31},"end":{"line":12,"column":32}},"loc":{"start":{"line":12,"column":52},"end":{"line":20,"column":1}},"line":12}},"branchMap":{"0":{"loc":{"start":{"line":4,"column":4},"end":{"line":6,"column":5}},"type":"if","locations":[{"start":{"line":4,"column":4},"end":{"line":6,"column":5}},{"start":{},"end":{}}],"line":4},"1":{"loc":{"start":{"line":4,"column":8},"end":{"line":4,"column":73}},"type":"binary-expr","locations":[{"start":{"line":4,"column":8},"end":{"line":4,"column":38}},{"start":{"line":4,"column":42},"end":{"line":4,"column":73}}],"line":4},"2":{"loc":{"start":{"line":7,"column":4},"end":{"line":9,"column":5}},"type":"if","locations":[{"start":{"line":7,"column":4},"end":{"line":9,"column":5}},{"start":{},"end":{}}],"line":7},"3":{"loc":{"start":{"line":13,"column":4},"end":{"line":13,"column":70}},"type":"if","locations":[{"start":{"line":13,"column":4},"end":{"line":13,"column":70}},{"start":{},"end":{}}],"line":13},"4":{"loc":{"start":{"line":15,"column":4},"end":{"line":15,"column":58}},"type":"if","locations":[{"start":{"line":15,"column":4},"end":{"line":15,"column":58}},{"start":{},"end":{}}],"line":15}},"s":{"0":1,"1":4,"2":2,"3":2,"4":1,"5":1,"6":0,"7":0,"8":0,"9":0,"10":0,"11":0,"12":0,"13":0,"14":0},"f":{"0":4,"1":0},"b":{"0":[2,2],"1":[4,3],"2":[1,1],"3":[0,0],"4":[0,0]},"_coverageSchema":"1a1c01bbd47fc00a2c39e90264f33305004495a9","hash":"8f51be7ff2b3d957345bd480831b04043779d4a5"}
,"D:\\UCB\\Septimo-semestre\\Taller de Software 1\\Hotel\\backend\\services\\habitacionService.js": {"path":"D:\\UCB\\Septimo-semestre\\Taller de Software 1\\Hotel\\backend\\services\\habitacionService.js","statementMap":{"0":{"start":{"line":3,"column":37},"end":{"line":9,"column":1}},"1":{"start":{"line":4,"column":18},"end":{"line":4,"column":48}},"2":{"start":{"line":5,"column":4},"end":{"line":7,"column":5}},"3":{"start":{"line":6,"column":8},"end":{"line":6,"column":66}},"4":{"start":{"line":8,"column":4},"end":{"line":8,"column":17}},"5":{"start":{"line":12,"column":34},"end":{"line":16,"column":1}},"6":{"start":{"line":13,"column":25},"end":{"line":13,"column":66}},"7":{"start":{"line":15,"column":4},"end":{"line":15,"column":24}}},"fnMap":{"0":{"name":"(anonymous_0)","decl":{"start":{"line":3,"column":37},"end":{"line":3,"column":38}},"loc":{"start":{"line":3,"column":49},"end":{"line":9,"column":1}},"line":3},"1":{"name":"(anonymous_1)","decl":{"start":{"line":12,"column":34},"end":{"line":12,"column":35}},"loc":{"start":{"line":12,"column":52},"end":{"line":16,"column":1}},"line":12}},"branchMap":{"0":{"loc":{"start":{"line":5,"column":4},"end":{"line":7,"column":5}},"type":"if","locations":[{"start":{"line":5,"column":4},"end":{"line":7,"column":5}},{"start":{},"end":{}}],"line":5},"1":{"loc":{"start":{"line":5,"column":8},"end":{"line":5,"column":36}},"type":"binary-expr","locations":[{"start":{"line":5,"column":8},"end":{"line":5,"column":14}},{"start":{"line":5,"column":18},"end":{"line":5,"column":36}}],"line":5}},"s":{"0":0,"1":0,"2":0,"3":0,"4":0,"5":0,"6":0,"7":0},"f":{"0":0,"1":0},"b":{"0":[0,0],"1":[0,0]}}
,"D:\\UCB\\Septimo-semestre\\Taller de Software 1\\Hotel\\backend\\services\\huespedService.js": {"path":"D:\\UCB\\Septimo-semestre\\Taller de Software 1\\Hotel\\backend\\services\\huespedService.js","statementMap":{"0":{"start":{"line":3,"column":32},"end":{"line":17,"column":1}},"1":{"start":{"line":4,"column":90},"end":{"line":4,"column":102}},"2":{"start":{"line":6,"column":4},"end":{"line":8,"column":5}},"3":{"start":{"line":7,"column":8},"end":{"line":7,"column":40}},"4":{"start":{"line":10,"column":29},"end":{"line":10,"column":74}},"5":{"start":{"line":11,"column":4},"end":{"line":13,"column":5}},"6":{"start":{"line":12,"column":8},"end":{"line":12,"column":47}},"7":{"start":{"line":15,"column":25},"end":{"line":15,"column":57}},"8":{"start":{"line":16,"column":4},"end":{"line":16,"column":24}},"9":{"start":{"line":19,"column":42},"end":{"line":30,"column":1}},"10":{"start":{"line":20,"column":4},"end":{"line":22,"column":5}},"11":{"start":{"line":21,"column":8},"end":{"line":21,"column":43}},"12":{"start":{"line":24,"column":20},"end":{"line":24,"column":65}},"13":{"start":{"line":25,"column":4},"end":{"line":27,"column":5}},"14":{"start":{"line":26,"column":8},"end":{"line":26,"column":49}},"15":{"start":{"line":29,"column":4},"end":{"line":29,"column":19}},"16":{"start":{"line":32,"column":31},"end":{"line":34,"column":1}},"17":{"start":{"line":33,"column":4},"end":{"line":33,"column":36}},"18":{"start":{"line":36,"column":32},"end":{"line":42,"column":1}},"19":{"start":{"line":37,"column":20},"end":{"line":37,"column":49}},"20":{"start":{"line":38,"column":4},"end":{"line":40,"column":5}},"21":{"start":{"line":39,"column":8},"end":{"line":39,"column":69}},"22":{"start":{"line":41,"column":4},"end":{"line":41,"column":19}}},"fnMap":{"0":{"name":"(anonymous_0)","decl":{"start":{"line":3,"column":32},"end":{"line":3,"column":33}},"loc":{"start":{"line":3,"column":56},"end":{"line":17,"column":1}},"line":3},"1":{"name":"(anonymous_1)","decl":{"start":{"line":19,"column":42},"end":{"line":19,"column":43}},"loc":{"start":{"line":19,"column":73},"end":{"line":30,"column":1}},"line":19},"2":{"name":"(anonymous_2)","decl":{"start":{"line":32,"column":31},"end":{"line":32,"column":32}},"loc":{"start":{"line":32,"column":43},"end":{"line":34,"column":1}},"line":32},"3":{"name":"(anonymous_3)","decl":{"start":{"line":36,"column":32},"end":{"line":36,"column":33}},"loc":{"start":{"line":36,"column":46},"end":{"line":42,"column":1}},"line":36}},"branchMap":{"0":{"loc":{"start":{"line":6,"column":4},"end":{"line":8,"column":5}},"type":"if","locations":[{"start":{"line":6,"column":4},"end":{"line":8,"column":5}},{"start":{},"end":{}}],"line":6},"1":{"loc":{"start":{"line":6,"column":8},"end":{"line":6,"column":94}},"type":"binary-expr","locations":[{"start":{"line":6,"column":8},"end":{"line":6,"column":28}},{"start":{"line":6,"column":32},"end":{"line":6,"column":48}},{"start":{"line":6,"column":52},"end":{"line":6,"column":61}},{"start":{"line":6,"column":65},"end":{"line":6,"column":72}},{"start":{"line":6,"column":76},"end":{"line":6,"column":94}}],"line":6},"2":{"loc":{"start":{"line":11,"column":4},"end":{"line":13,"column":5}},"type":"if","locations":[{"start":{"line":11,"column":4},"end":{"line":13,"column":5}},{"start":{},"end":{}}],"line":11},"3":{"loc":{"start":{"line":20,"column":4},"end":{"line":22,"column":5}},"type":"if","locations":[{"start":{"line":20,"column":4},"end":{"line":22,"column":5}},{"start":{},"end":{}}],"line":20},"4":{"loc":{"start":{"line":25,"column":4},"end":{"line":27,"column":5}},"type":"if","locations":[{"start":{"line":25,"column":4},"end":{"line":27,"column":5}},{"start":{},"end":{}}],"line":25},"5":{"loc":{"start":{"line":38,"column":4},"end":{"line":40,"column":5}},"type":"if","locations":[{"start":{"line":38,"column":4},"end":{"line":40,"column":5}},{"start":{},"end":{}}],"line":38}},"s":{"0":0,"1":0,"2":0,"3":0,"4":0,"5":0,"6":0,"7":0,"8":0,"9":0,"10":0,"11":0,"12":0,"13":0,"14":0,"15":0,"16":0,"17":0,"18":0,"19":0,"20":0,"21":0,"22":0},"f":{"0":0,"1":0,"2":0,"3":0},"b":{"0":[0,0],"1":[0,0,0,0,0],"2":[0,0],"3":[0,0],"4":[0,0],"5":[0,0]}}
,"D:\\UCB\\Septimo-semestre\\Taller de Software 1\\Hotel\\backend\\services\\reservaServices.js": {"path":"D:\\UCB\\Septimo-semestre\\Taller de Software 1\\Hotel\\backend\\services\\reservaServices.js","statementMap":{"0":{"start":{"line":3,"column":27},"end":{"line":3,"column":92}},"1":{"start":{"line":5,"column":32},"end":{"line":33,"column":1}},"2":{"start":{"line":6,"column":90},"end":{"line":6,"column":102}},"3":{"start":{"line":8,"column":4},"end":{"line":10,"column":5}},"4":{"start":{"line":9,"column":8},"end":{"line":9,"column":61}},"5":{"start":{"line":12,"column":20},"end":{"line":12,"column":43}},"6":{"start":{"line":13,"column":19},"end":{"line":13,"column":41}},"7":{"start":{"line":14,"column":4},"end":{"line":16,"column":5}},"8":{"start":{"line":15,"column":8},"end":{"line":15,"column":44}},"9":{"start":{"line":18,"column":28},"end":{"line":18,"column":75}},"10":{"start":{"line":19,"column":4},"end":{"line":21,"column":5}},"11":{"start":{"line":20,"column":8},"end":{"line":20,"column":48}},"12":{"start":{"line":22,"column":21},"end":{"line":22,"column":43}},"13":{"start":{"line":23,"column":4},"end":{"line":25,"column":5}},"14":{"start":{"line":24,"column":8},"end":{"line":24,"column":46}},"15":{"start":{"line":27,"column":24},"end":{"line":27,"column":97}},"16":{"start":{"line":28,"column":4},"end":{"line":30,"column":5}},"17":{"start":{"line":29,"column":8},"end":{"line":29,"column":61}},"18":{"start":{"line":32,"column":4},"end":{"line":32,"column":44}},"19":{"start":{"line":35,"column":30},"end":{"line":42,"column":1}},"20":{"start":{"line":36,"column":21},"end":{"line":36,"column":52}},"21":{"start":{"line":37,"column":4},"end":{"line":39,"column":5}},"22":{"start":{"line":38,"column":8},"end":{"line":38,"column":43}},"23":{"start":{"line":41,"column":4},"end":{"line":41,"column":20}},"24":{"start":{"line":45,"column":36},"end":{"line":57,"column":1}},"25":{"start":{"line":46,"column":4},"end":{"line":48,"column":5}},"26":{"start":{"line":47,"column":8},"end":{"line":47,"column":43}},"27":{"start":{"line":50,"column":31},"end":{"line":50,"column":77}},"28":{"start":{"line":52,"column":4},"end":{"line":54,"column":5}},"29":{"start":{"line":53,"column":8},"end":{"line":53,"column":49}},"30":{"start":{"line":56,"column":4},"end":{"line":56,"column":30}}},"fnMap":{"0":{"name":"(anonymous_0)","decl":{"start":{"line":5,"column":32},"end":{"line":5,"column":33}},"loc":{"start":{"line":5,"column":56},"end":{"line":33,"column":1}},"line":5},"1":{"name":"(anonymous_1)","decl":{"start":{"line":35,"column":30},"end":{"line":35,"column":31}},"loc":{"start":{"line":35,"column":42},"end":{"line":42,"column":1}},"line":35},"2":{"name":"(anonymous_2)","decl":{"start":{"line":45,"column":36},"end":{"line":45,"column":37}},"loc":{"start":{"line":45,"column":63},"end":{"line":57,"column":1}},"line":45}},"branchMap":{"0":{"loc":{"start":{"line":8,"column":4},"end":{"line":10,"column":5}},"type":"if","locations":[{"start":{"line":8,"column":4},"end":{"line":10,"column":5}},{"start":{},"end":{}}],"line":8},"1":{"loc":{"start":{"line":8,"column":8},"end":{"line":8,"column":72}},"type":"binary-expr","locations":[{"start":{"line":8,"column":8},"end":{"line":8,"column":19}},{"start":{"line":8,"column":23},"end":{"line":8,"column":37}},{"start":{"line":8,"column":41},"end":{"line":8,"column":55}},{"start":{"line":8,"column":59},"end":{"line":8,"column":72}}],"line":8},"2":{"loc":{"start":{"line":14,"column":4},"end":{"line":16,"column":5}},"type":"if","locations":[{"start":{"line":14,"column":4},"end":{"line":16,"column":5}},{"start":{},"end":{}}],"line":14},"3":{"loc":{"start":{"line":19,"column":4},"end":{"line":21,"column":5}},"type":"if","locations":[{"start":{"line":19,"column":4},"end":{"line":21,"column":5}},{"start":{},"end":{}}],"line":19},"4":{"loc":{"start":{"line":22,"column":21},"end":{"line":22,"column":43}},"type":"binary-expr","locations":[{"start":{"line":22,"column":21},"end":{"line":22,"column":38}},{"start":{"line":22,"column":42},"end":{"line":22,"column":43}}],"line":22},"5":{"loc":{"start":{"line":23,"column":4},"end":{"line":25,"column":5}},"type":"if","locations":[{"start":{"line":23,"column":4},"end":{"line":25,"column":5}},{"start":{},"end":{}}],"line":23},"6":{"loc":{"start":{"line":28,"column":4},"end":{"line":30,"column":5}},"type":"if","locations":[{"start":{"line":28,"column":4},"end":{"line":30,"column":5}},{"start":{},"end":{}}],"line":28},"7":{"loc":{"start":{"line":37,"column":4},"end":{"line":39,"column":5}},"type":"if","locations":[{"start":{"line":37,"column":4},"end":{"line":39,"column":5}},{"start":{},"end":{}}],"line":37},"8":{"loc":{"start":{"line":37,"column":8},"end":{"line":37,"column":42}},"type":"binary-expr","locations":[{"start":{"line":37,"column":8},"end":{"line":37,"column":17}},{"start":{"line":37,"column":21},"end":{"line":37,"column":42}}],"line":37},"9":{"loc":{"start":{"line":46,"column":4},"end":{"line":48,"column":5}},"type":"if","locations":[{"start":{"line":46,"column":4},"end":{"line":48,"column":5}},{"start":{},"end":{}}],"line":46},"10":{"loc":{"start":{"line":52,"column":4},"end":{"line":54,"column":5}},"type":"if","locations":[{"start":{"line":52,"column":4},"end":{"line":54,"column":5}},{"start":{},"end":{}}],"line":52}},"s":{"0":1,"1":1,"2":4,"3":4,"4":0,"5":4,"6":4,"7":4,"8":1,"9":3,"10":3,"11":0,"12":3,"13":3,"14":1,"15":2,"16":2,"17":1,"18":1,"19":1,"20":0,"21":0,"22":0,"23":0,"24":1,"25":0,"26":0,"27":0,"28":0,"29":0,"30":0},"f":{"0":4,"1":0,"2":0},"b":{"0":[0,4],"1":[4,4,4,4],"2":[1,3],"3":[0,3],"4":[3,0],"5":[1,2],"6":[1,1],"7":[0,0],"8":[0,0],"9":[0,0],"10":[0,0]},"_coverageSchema":"1a1c01bbd47fc00a2c39e90264f33305004495a9","hash":"c719b76d1ab2343a2fae19af4fd832e5aba2c258"}
,"D:\\UCB\\Septimo-semestre\\Taller de Software 1\\Hotel\\backend\\services\\servicioHotelService.js": {"path":"D:\\UCB\\Septimo-semestre\\Taller de Software 1\\Hotel\\backend\\services\\servicioHotelService.js","statementMap":{"0":{"start":{"line":3,"column":33},"end":{"line":9,"column":1}},"1":{"start":{"line":4,"column":53},"end":{"line":4,"column":66}},"2":{"start":{"line":5,"column":4},"end":{"line":7,"column":5}},"3":{"start":{"line":6,"column":8},"end":{"line":6,"column":53}},"4":{"start":{"line":8,"column":4},"end":{"line":8,"column":46}},"5":{"start":{"line":11,"column":31},"end":{"line":13,"column":1}},"6":{"start":{"line":12,"column":4},"end":{"line":12,"column":36}}},"fnMap":{"0":{"name":"(anonymous_0)","decl":{"start":{"line":3,"column":33},"end":{"line":3,"column":34}},"loc":{"start":{"line":3,"column":58},"end":{"line":9,"column":1}},"line":3},"1":{"name":"(anonymous_1)","decl":{"start":{"line":11,"column":31},"end":{"line":11,"column":32}},"loc":{"start":{"line":11,"column":43},"end":{"line":13,"column":1}},"line":11}},"branchMap":{"0":{"loc":{"start":{"line":5,"column":4},"end":{"line":7,"column":5}},"type":"if","locations":[{"start":{"line":5,"column":4},"end":{"line":7,"column":5}},{"start":{},"end":{}}],"line":5},"1":{"loc":{"start":{"line":5,"column":8},"end":{"line":5,"column":51}},"type":"binary-expr","locations":[{"start":{"line":5,"column":8},"end":{"line":5,"column":24}},{"start":{"line":5,"column":28},"end":{"line":5,"column":38}},{"start":{"line":5,"column":42},"end":{"line":5,"column":51}}],"line":5}},"s":{"0":0,"1":0,"2":0,"3":0,"4":0,"5":0,"6":0},"f":{"0":0,"1":0},"b":{"0":[0,0],"1":[0,0,0]}}
,"D:\\UCB\\Septimo-semestre\\Taller de Software 1\\Hotel\\backend\\services\\servicioService.js": {"path":"D:\\UCB\\Septimo-semestre\\Taller de Software 1\\Hotel\\backend\\services\\servicioService.js","statementMap":{"0":{"start":{"line":3,"column":31},"end":{"line":11,"column":1}},"1":{"start":{"line":4,"column":22},"end":{"line":4,"column":54}},"2":{"start":{"line":6,"column":4},"end":{"line":8,"column":5}},"3":{"start":{"line":7,"column":8},"end":{"line":7,"column":55}},"4":{"start":{"line":10,"column":4},"end":{"line":10,"column":21}}},"fnMap":{"0":{"name":"(anonymous_0)","decl":{"start":{"line":3,"column":31},"end":{"line":3,"column":32}},"loc":{"start":{"line":3,"column":43},"end":{"line":11,"column":1}},"line":3}},"branchMap":{"0":{"loc":{"start":{"line":6,"column":4},"end":{"line":8,"column":5}},"type":"if","locations":[{"start":{"line":6,"column":4},"end":{"line":8,"column":5}},{"start":{},"end":{}}],"line":6},"1":{"loc":{"start":{"line":6,"column":8},"end":{"line":6,"column":44}},"type":"binary-expr","locations":[{"start":{"line":6,"column":8},"end":{"line":6,"column":18}},{"start":{"line":6,"column":22},"end":{"line":6,"column":44}}],"line":6}},"s":{"0":0,"1":0,"2":0,"3":0,"4":0},"f":{"0":0},"b":{"0":[0,0],"1":[0,0]}}
}
