TN:
SF:backend\services\checkinService.js
FN:3,(anonymous_0)
FN:12,(anonymous_1)
FNF:2
FNH:1
FNDA:4,(anonymous_0)
FNDA:0,(anonymous_1)
DA:3,1
DA:4,4
DA:5,2
DA:7,2
DA:8,1
DA:12,1
DA:13,0
DA:14,0
DA:15,0
DA:16,0
DA:17,0
DA:18,0
DA:19,0
LF:13
LH:6
BRDA:4,0,0,2
BRDA:4,0,1,2
BRDA:4,1,0,4
BRDA:4,1,1,3
BRDA:7,2,0,1
BRDA:7,2,1,1
BRDA:13,3,0,0
BRDA:13,3,1,0
BRDA:15,4,0,0
BRDA:15,4,1,0
BRF:10
BRH:6
end_of_record
TN:
SF:backend\services\habitacionService.js
FN:3,(anonymous_0)
FN:12,(anonymous_1)
FNF:2
FNH:0
FNDA:0,(anonymous_0)
FNDA:0,(anonymous_1)
DA:3,0
DA:4,0
DA:5,0
DA:6,0
DA:8,0
DA:12,0
DA:13,0
DA:15,0
LF:8
LH:0
BRDA:5,0,0,0
BRDA:5,0,1,0
BRDA:5,1,0,0
BRDA:5,1,1,0
BRF:4
BRH:0
end_of_record
TN:
SF:backend\services\huespedService.js
FN:3,(anonymous_0)
FN:19,(anonymous_1)
FN:32,(anonymous_2)
FN:36,(anonymous_3)
FNF:4
FNH:0
FNDA:0,(anonymous_0)
FNDA:0,(anonymous_1)
FNDA:0,(anonymous_2)
FNDA:0,(anonymous_3)
DA:3,0
DA:4,0
DA:6,0
DA:7,0
DA:10,0
DA:11,0
DA:12,0
DA:15,0
DA:16,0
DA:19,0
DA:20,0
DA:21,0
DA:24,0
DA:25,0
DA:26,0
DA:29,0
DA:32,0
DA:33,0
DA:36,0
DA:37,0
DA:38,0
DA:39,0
DA:41,0
LF:23
LH:0
BRDA:6,0,0,0
BRDA:6,0,1,0
BRDA:6,1,0,0
BRDA:6,1,1,0
BRDA:6,1,2,0
BRDA:6,1,3,0
BRDA:6,1,4,0
BRDA:11,2,0,0
BRDA:11,2,1,0
BRDA:20,3,0,0
BRDA:20,3,1,0
BRDA:25,4,0,0
BRDA:25,4,1,0
BRDA:38,5,0,0
BRDA:38,5,1,0
BRF:15
BRH:0
end_of_record
TN:
SF:backend\services\reservaServices.js
FN:5,(anonymous_0)
FN:35,(anonymous_1)
FN:45,(anonymous_2)
FNF:3
FNH:1
FNDA:4,(anonymous_0)
FNDA:0,(anonymous_1)
FNDA:0,(anonymous_2)
DA:3,1
DA:5,1
DA:6,4
DA:8,4
DA:9,0
DA:12,4
DA:13,4
DA:14,4
DA:15,1
DA:18,3
DA:19,3
DA:20,0
DA:22,3
DA:23,3
DA:24,1
DA:27,2
DA:28,2
DA:29,1
DA:32,1
DA:35,1
DA:36,0
DA:37,0
DA:38,0
DA:41,0
DA:45,1
DA:46,0
DA:47,0
DA:50,0
DA:52,0
DA:53,0
DA:56,0
LF:31
LH:19
BRDA:8,0,0,0
BRDA:8,0,1,4
BRDA:8,1,0,4
BRDA:8,1,1,4
BRDA:8,1,2,4
BRDA:8,1,3,4
BRDA:14,2,0,1
BRDA:14,2,1,3
BRDA:19,3,0,0
BRDA:19,3,1,3
BRDA:22,4,0,3
BRDA:22,4,1,0
BRDA:23,5,0,1
BRDA:23,5,1,2
BRDA:28,6,0,1
BRDA:28,6,1,1
BRDA:37,7,0,0
BRDA:37,7,1,0
BRDA:37,8,0,0
BRDA:37,8,1,0
BRDA:46,9,0,0
BRDA:46,9,1,0
BRDA:52,10,0,0
BRDA:52,10,1,0
BRF:24
BRH:13
end_of_record
TN:
SF:backend\services\servicioHotelService.js
FN:3,(anonymous_0)
FN:11,(anonymous_1)
FNF:2
FNH:0
FNDA:0,(anonymous_0)
FNDA:0,(anonymous_1)
DA:3,0
DA:4,0
DA:5,0
DA:6,0
DA:8,0
DA:11,0
DA:12,0
LF:7
LH:0
BRDA:5,0,0,0
BRDA:5,0,1,0
BRDA:5,1,0,0
BRDA:5,1,1,0
BRDA:5,1,2,0
BRF:5
BRH:0
end_of_record
TN:
SF:backend\services\servicioService.js
FN:3,(anonymous_0)
FNF:1
FNH:0
FNDA:0,(anonymous_0)
DA:3,0
DA:4,0
DA:6,0
DA:7,0
DA:10,0
LF:5
LH:0
BRDA:6,0,0,0
BRDA:6,0,1,0
BRDA:6,1,0,0
BRDA:6,1,1,0
BRF:4
BRH:0
end_of_record
